0 info it worked if it ends with ok
1 verbose cli [ 'C:\\Program Files\\nodejs\\node.exe',
1 verbose cli   'C:\\Program Files\\nodejs\\node_modules\\npm\\bin\\npm-cli.js',
1 verbose cli   'install',
1 verbose cli   'material-datetime-picker' ]
2 info using npm@3.10.10
3 info using node@v6.11.3
4 silly loadCurrentTree Starting
5 silly install loadCurrentTree
6 silly install readLocalPackageData
7 silly fetchPackageMetaData material-datetime-picker
8 silly fetchNamedPackageData material-datetime-picker
9 silly mapToRegistry name material-datetime-picker
10 silly mapToRegistry using default registry
11 silly mapToRegistry registry https://registry.npmjs.org/
12 silly mapToRegistry data Result {
12 silly mapToRegistry   raw: 'material-datetime-picker',
12 silly mapToRegistry   scope: null,
12 silly mapToRegistry   escapedName: 'material-datetime-picker',
12 silly mapToRegistry   name: 'material-datetime-picker',
12 silly mapToRegistry   rawSpec: '',
12 silly mapToRegistry   spec: 'latest',
12 silly mapToRegistry   type: 'tag' }
13 silly mapToRegistry uri https://registry.npmjs.org/material-datetime-picker
14 verbose request uri https://registry.npmjs.org/material-datetime-picker
15 verbose request no auth needed
16 info attempt registry request try #1 at 09:45:24
17 verbose request id 6bfc8a7952cdce18
18 http request GET https://registry.npmjs.org/material-datetime-picker
19 http 200 https://registry.npmjs.org/material-datetime-picker
20 verbose headers { server: 'nginx/1.10.1',
20 verbose headers   'content-type': 'application/json',
20 verbose headers   'last-modified': 'Fri, 28 Apr 2017 20:37:40 GMT',
20 verbose headers   etag: 'W/"5903a814-6d8c"',
20 verbose headers   'content-encoding': 'gzip',
20 verbose headers   'cache-control': 'max-age=300',
20 verbose headers   'content-length': '4583',
20 verbose headers   'accept-ranges': 'bytes',
20 verbose headers   date: 'Thu, 02 Nov 2017 04:45:27 GMT',
20 verbose headers   via: '1.1 varnish',
20 verbose headers   age: '0',
20 verbose headers   connection: 'keep-alive',
20 verbose headers   'x-served-by': 'cache-hhn1544-HHN',
20 verbose headers   'x-cache': 'MISS',
20 verbose headers   'x-cache-hits': '0',
20 verbose headers   'x-timer': 'S1509597928.758086,VS0,VE24',
20 verbose headers   vary: 'Accept-Encoding, Accept' }
21 silly get cb [ 200,
21 silly get   { server: 'nginx/1.10.1',
21 silly get     'content-type': 'application/json',
21 silly get     'last-modified': 'Fri, 28 Apr 2017 20:37:40 GMT',
21 silly get     etag: 'W/"5903a814-6d8c"',
21 silly get     'content-encoding': 'gzip',
21 silly get     'cache-control': 'max-age=300',
21 silly get     'content-length': '4583',
21 silly get     'accept-ranges': 'bytes',
21 silly get     date: 'Thu, 02 Nov 2017 04:45:27 GMT',
21 silly get     via: '1.1 varnish',
21 silly get     age: '0',
21 silly get     connection: 'keep-alive',
21 silly get     'x-served-by': 'cache-hhn1544-HHN',
21 silly get     'x-cache': 'MISS',
21 silly get     'x-cache-hits': '0',
21 silly get     'x-timer': 'S1509597928.758086,VS0,VE24',
21 silly get     vary: 'Accept-Encoding, Accept' } ]
22 verbose get saving material-datetime-picker to C:\Users\nadym\AppData\Roaming\npm-cache\registry.npmjs.org\material-datetime-picker\.cache.json
23 verbose correctMkdir C:\Users\nadym\AppData\Roaming\npm-cache correctMkdir not in flight; initializing
24 silly install normalizeTree
25 silly loadCurrentTree Finishing
26 silly loadIdealTree Starting
27 silly install loadIdealTree
28 silly cloneCurrentTree Starting
29 silly install cloneCurrentTreeToIdealTree
30 silly cloneCurrentTree Finishing
31 silly loadShrinkwrap Starting
32 silly install loadShrinkwrap
33 silly loadShrinkwrap Finishing
34 silly loadAllDepsIntoIdealTree Starting
35 silly install loadAllDepsIntoIdealTree
36 silly resolveWithNewModule material-datetime-picker@2.4.0 checking installable status
37 silly cache add args [ 'material-datetime-picker', null ]
38 verbose cache add spec material-datetime-picker
39 silly cache add parsed spec Result {
39 silly cache add   raw: 'material-datetime-picker',
39 silly cache add   scope: null,
39 silly cache add   escapedName: 'material-datetime-picker',
39 silly cache add   name: 'material-datetime-picker',
39 silly cache add   rawSpec: '',
39 silly cache add   spec: 'latest',
39 silly cache add   type: 'tag' }
40 silly addNamed material-datetime-picker@latest
41 verbose addNamed "latest" is being treated as a dist-tag for material-datetime-picker
42 info addNameTag [ 'material-datetime-picker', 'latest' ]
43 silly mapToRegistry name material-datetime-picker
44 silly mapToRegistry using default registry
45 silly mapToRegistry registry https://registry.npmjs.org/
46 silly mapToRegistry data Result {
46 silly mapToRegistry   raw: 'material-datetime-picker',
46 silly mapToRegistry   scope: null,
46 silly mapToRegistry   escapedName: 'material-datetime-picker',
46 silly mapToRegistry   name: 'material-datetime-picker',
46 silly mapToRegistry   rawSpec: '',
46 silly mapToRegistry   spec: 'latest',
46 silly mapToRegistry   type: 'tag' }
47 silly mapToRegistry uri https://registry.npmjs.org/material-datetime-picker
48 verbose addNameTag registry:https://registry.npmjs.org/material-datetime-picker not in flight; fetching
49 verbose get https://registry.npmjs.org/material-datetime-picker not expired, no request
50 silly addNameTag next cb for material-datetime-picker with tag latest
51 silly addNamed material-datetime-picker@2.4.0
52 verbose addNamed "2.4.0" is a plain semver version for material-datetime-picker
53 silly mapToRegistry name material-datetime-picker
54 silly mapToRegistry using default registry
55 silly mapToRegistry registry https://registry.npmjs.org/
56 silly mapToRegistry data Result {
56 silly mapToRegistry   raw: 'material-datetime-picker',
56 silly mapToRegistry   scope: null,
56 silly mapToRegistry   escapedName: 'material-datetime-picker',
56 silly mapToRegistry   name: 'material-datetime-picker',
56 silly mapToRegistry   rawSpec: '',
56 silly mapToRegistry   spec: 'latest',
56 silly mapToRegistry   type: 'tag' }
57 silly mapToRegistry uri https://registry.npmjs.org/material-datetime-picker
58 verbose addRemoteTarball https://registry.npmjs.org/material-datetime-picker/-/material-datetime-picker-2.4.0.tgz not in flight; adding
59 verbose addRemoteTarball [ 'https://registry.npmjs.org/material-datetime-picker/-/material-datetime-picker-2.4.0.tgz',
59 verbose addRemoteTarball   '692ed2db5d07d8db4fab5e7366aa740a054079ac' ]
60 info retry fetch attempt 1 at 09:45:25
61 info attempt registry request try #1 at 09:45:25
62 http fetch GET https://registry.npmjs.org/material-datetime-picker/-/material-datetime-picker-2.4.0.tgz
63 http fetch 200 https://registry.npmjs.org/material-datetime-picker/-/material-datetime-picker-2.4.0.tgz
64 silly fetchAndShaCheck shasum 692ed2db5d07d8db4fab5e7366aa740a054079ac
65 verbose addTmpTarball C:\Users\nadym\AppData\Local\Temp\npm-5076-7759ce27\registry.npmjs.org\material-datetime-picker\-\material-datetime-picker-2.4.0.tgz not in flight; adding
66 verbose addTmpTarball already have metadata; skipping unpack for material-datetime-picker@2.4.0
67 verbose correctMkdir C:\Users\nadym\AppData\Roaming\npm-cache correctMkdir not in flight; initializing
68 silly cache afterAdd material-datetime-picker@2.4.0
69 verbose afterAdd C:\Users\nadym\AppData\Roaming\npm-cache\material-datetime-picker\2.4.0\package\package.json not in flight; writing
70 verbose correctMkdir C:\Users\nadym\AppData\Roaming\npm-cache correctMkdir not in flight; initializing
71 verbose afterAdd C:\Users\nadym\AppData\Roaming\npm-cache\material-datetime-picker\2.4.0\package\package.json written
72 silly fetchNamedPackageData moment
73 silly mapToRegistry name moment
74 silly mapToRegistry using default registry
75 silly mapToRegistry registry https://registry.npmjs.org/
76 silly mapToRegistry data Result {
76 silly mapToRegistry   raw: 'moment',
76 silly mapToRegistry   scope: null,
76 silly mapToRegistry   escapedName: 'moment',
76 silly mapToRegistry   name: 'moment',
76 silly mapToRegistry   rawSpec: '',
76 silly mapToRegistry   spec: 'latest',
76 silly mapToRegistry   type: 'tag' }
77 silly mapToRegistry uri https://registry.npmjs.org/moment
78 silly fetchOtherPackageData rome@git+https://github.com/jwhitfieldseed/rome.git#19f5d3031a922c29c52b9038b2832a827e5e99d6
79 silly cache add args [ 'rome@git+https://github.com/jwhitfieldseed/rome.git#19f5d3031a922c29c52b9038b2832a827e5e99d6',
79 silly cache add   null ]
80 verbose cache add spec rome@git+https://github.com/jwhitfieldseed/rome.git#19f5d3031a922c29c52b9038b2832a827e5e99d6
81 verbose request uri https://registry.npmjs.org/moment
82 verbose request no auth needed
83 info attempt registry request try #1 at 09:45:26
84 http request GET https://registry.npmjs.org/moment
85 silly cache add parsed spec Result {
85 silly cache add   raw: 'rome@git+https://github.com/jwhitfieldseed/rome.git#19f5d3031a922c29c52b9038b2832a827e5e99d6',
85 silly cache add   scope: null,
85 silly cache add   escapedName: 'rome',
85 silly cache add   name: 'rome',
85 silly cache add   rawSpec: 'git+https://github.com/jwhitfieldseed/rome.git#19f5d3031a922c29c52b9038b2832a827e5e99d6',
85 silly cache add   spec: 'git+https://github.com/jwhitfieldseed/rome.git#19f5d3031a922c29c52b9038b2832a827e5e99d6',
85 silly cache add   type: 'hosted',
85 silly cache add   hosted:
85 silly cache add    { type: 'github',
85 silly cache add      ssh: 'git@github.com:jwhitfieldseed/rome.git#19f5d3031a922c29c52b9038b2832a827e5e99d6',
85 silly cache add      sshUrl: 'git+ssh://git@github.com/jwhitfieldseed/rome.git#19f5d3031a922c29c52b9038b2832a827e5e99d6',
85 silly cache add      httpsUrl: 'git+https://github.com/jwhitfieldseed/rome.git#19f5d3031a922c29c52b9038b2832a827e5e99d6',
85 silly cache add      gitUrl: 'git://github.com/jwhitfieldseed/rome.git#19f5d3031a922c29c52b9038b2832a827e5e99d6',
85 silly cache add      shortcut: 'github:jwhitfieldseed/rome#19f5d3031a922c29c52b9038b2832a827e5e99d6',
85 silly cache add      directUrl: 'https://raw.githubusercontent.com/jwhitfieldseed/rome/19f5d3031a922c29c52b9038b2832a827e5e99d6/package.json' } }
86 verbose addRemoteGit caching git+https://github.com/jwhitfieldseed/rome.git#19f5d3031a922c29c52b9038b2832a827e5e99d6
87 verbose addRemoteGit git+https://github.com/jwhitfieldseed/rome.git#19f5d3031a922c29c52b9038b2832a827e5e99d6 is a repository hosted by github
88 silly tryClone cloning git+https://github.com/jwhitfieldseed/rome.git#19f5d3031a922c29c52b9038b2832a827e5e99d6 via git+https://github.com/jwhitfieldseed/rome.git#19f5d3031a922c29c52b9038b2832a827e5e99d6
89 verbose tryClone git-https-github-com-jwhitfieldseed-rome-git-19f5d3031a922c29c52b9038b2832a827e5e99d6-b81b33dd not in flight; caching
90 verbose correctMkdir C:\Users\nadym\AppData\Roaming\npm-cache\_git-remotes correctMkdir not in flight; initializing
91 verbose makeDirectory C:\Users\nadym\AppData\Roaming\npm-cache\_git-remotes creation not in flight; initializing
92 verbose makeCacheDir UID & GID are irrelevant on win32
93 error git clone --template=C:\Users\nadym\AppData\Roaming\npm-cache\_git-remotes\_templates --mirror https://github.com/jwhitfieldseed/rome.git C:\Users\nadym\AppData\Roaming\npm-cache\_git-remotes\git-https-github-com-jwhitfieldseed-rome-git-19f5d3031a922c29c52b9038b2832a827e5e99d6-b81b33dd: undefined
93 error git clone --template=C:\Users\nadym\AppData\Roaming\npm-cache\_git-remotes\_templates --mirror https://github.com/jwhitfieldseed/rome.git C:\Users\nadym\AppData\Roaming\npm-cache\_git-remotes\git-https-github-com-jwhitfieldseed-rome-git-19f5d3031a922c29c52b9038b2832a827e5e99d6-b81b33dd: undefined
94 silly fetchPackageMetaData Error: not found: git
94 silly fetchPackageMetaData     at getNotFoundError (C:\Program Files\nodejs\node_modules\npm\node_modules\which\which.js:14:12)
94 silly fetchPackageMetaData     at F (C:\Program Files\nodejs\node_modules\npm\node_modules\which\which.js:69:19)
94 silly fetchPackageMetaData     at E (C:\Program Files\nodejs\node_modules\npm\node_modules\which\which.js:81:29)
94 silly fetchPackageMetaData     at C:\Program Files\nodejs\node_modules\npm\node_modules\which\which.js:90:16
94 silly fetchPackageMetaData     at C:\Program Files\nodejs\node_modules\npm\node_modules\which\node_modules\isexe\index.js:44:5
94 silly fetchPackageMetaData     at C:\Program Files\nodejs\node_modules\npm\node_modules\which\node_modules\isexe\windows.js:29:5
94 silly fetchPackageMetaData     at C:\Program Files\nodejs\node_modules\npm\node_modules\graceful-fs\polyfills.js:264:29
94 silly fetchPackageMetaData     at FSReqWrap.oncomplete (fs.js:123:15)
94 silly fetchPackageMetaData  error for rome@git+https://github.com/jwhitfieldseed/rome.git#19f5d3031a922c29c52b9038b2832a827e5e99d6 { Error: not found: git
94 silly fetchPackageMetaData     at getNotFoundError (C:\Program Files\nodejs\node_modules\npm\node_modules\which\which.js:14:12)
94 silly fetchPackageMetaData     at F (C:\Program Files\nodejs\node_modules\npm\node_modules\which\which.js:69:19)
94 silly fetchPackageMetaData     at E (C:\Program Files\nodejs\node_modules\npm\node_modules\which\which.js:81:29)
94 silly fetchPackageMetaData     at C:\Program Files\nodejs\node_modules\npm\node_modules\which\which.js:90:16
94 silly fetchPackageMetaData     at C:\Program Files\nodejs\node_modules\npm\node_modules\which\node_modules\isexe\index.js:44:5
94 silly fetchPackageMetaData     at C:\Program Files\nodejs\node_modules\npm\node_modules\which\node_modules\isexe\windows.js:29:5
94 silly fetchPackageMetaData     at C:\Program Files\nodejs\node_modules\npm\node_modules\graceful-fs\polyfills.js:264:29
94 silly fetchPackageMetaData     at FSReqWrap.oncomplete (fs.js:123:15) code: 'ENOGIT' }
95 http 200 https://registry.npmjs.org/moment
96 verbose headers { server: 'nginx/1.10.1',
96 verbose headers   'content-type': 'application/json',
96 verbose headers   'last-modified': 'Wed, 01 Nov 2017 19:49:44 GMT',
96 verbose headers   etag: 'W/"59fa2558-1e32b"',
96 verbose headers   'content-encoding': 'gzip',
96 verbose headers   'cache-control': 'max-age=300',
96 verbose headers   'content-length': '14155',
96 verbose headers   'accept-ranges': 'bytes',
96 verbose headers   date: 'Thu, 02 Nov 2017 04:45:29 GMT',
96 verbose headers   via: '1.1 varnish',
96 verbose headers   age: '219',
96 verbose headers   connection: 'keep-alive',
96 verbose headers   'x-served-by': 'cache-hhn1544-HHN',
96 verbose headers   'x-cache': 'HIT',
96 verbose headers   'x-cache-hits': '1',
96 verbose headers   'x-timer': 'S1509597929.033614,VS0,VE0',
96 verbose headers   vary: 'Accept-Encoding, Accept' }
97 silly get cb [ 200,
97 silly get   { server: 'nginx/1.10.1',
97 silly get     'content-type': 'application/json',
97 silly get     'last-modified': 'Wed, 01 Nov 2017 19:49:44 GMT',
97 silly get     etag: 'W/"59fa2558-1e32b"',
97 silly get     'content-encoding': 'gzip',
97 silly get     'cache-control': 'max-age=300',
97 silly get     'content-length': '14155',
97 silly get     'accept-ranges': 'bytes',
97 silly get     date: 'Thu, 02 Nov 2017 04:45:29 GMT',
97 silly get     via: '1.1 varnish',
97 silly get     age: '219',
97 silly get     connection: 'keep-alive',
97 silly get     'x-served-by': 'cache-hhn1544-HHN',
97 silly get     'x-cache': 'HIT',
97 silly get     'x-cache-hits': '1',
97 silly get     'x-timer': 'S1509597929.033614,VS0,VE0',
97 silly get     vary: 'Accept-Encoding, Accept' } ]
98 verbose get saving moment to C:\Users\nadym\AppData\Roaming\npm-cache\registry.npmjs.org\moment\.cache.json
99 verbose correctMkdir C:\Users\nadym\AppData\Roaming\npm-cache correctMkdir not in flight; initializing
100 silly resolveWithNewModule moment@2.10.6 checking installable status
101 silly cache add args [ 'moment@2.10.6', null ]
102 verbose cache add spec moment@2.10.6
103 silly cache add parsed spec Result {
103 silly cache add   raw: 'moment@2.10.6',
103 silly cache add   scope: null,
103 silly cache add   escapedName: 'moment',
103 silly cache add   name: 'moment',
103 silly cache add   rawSpec: '2.10.6',
103 silly cache add   spec: '2.10.6',
103 silly cache add   type: 'version' }
104 silly addNamed moment@2.10.6
105 verbose addNamed "2.10.6" is a plain semver version for moment
106 silly mapToRegistry name moment
107 silly mapToRegistry using default registry
108 silly mapToRegistry registry https://registry.npmjs.org/
109 silly mapToRegistry data Result {
109 silly mapToRegistry   raw: 'moment',
109 silly mapToRegistry   scope: null,
109 silly mapToRegistry   escapedName: 'moment',
109 silly mapToRegistry   name: 'moment',
109 silly mapToRegistry   rawSpec: '',
109 silly mapToRegistry   spec: 'latest',
109 silly mapToRegistry   type: 'tag' }
110 silly mapToRegistry uri https://registry.npmjs.org/moment
111 verbose addNameVersion registry:https://registry.npmjs.org/moment not in flight; fetching
112 verbose get https://registry.npmjs.org/moment not expired, no request
113 silly mapToRegistry name moment
114 silly mapToRegistry using default registry
115 silly mapToRegistry registry https://registry.npmjs.org/
116 silly mapToRegistry data Result {
116 silly mapToRegistry   raw: 'moment',
116 silly mapToRegistry   scope: null,
116 silly mapToRegistry   escapedName: 'moment',
116 silly mapToRegistry   name: 'moment',
116 silly mapToRegistry   rawSpec: '',
116 silly mapToRegistry   spec: 'latest',
116 silly mapToRegistry   type: 'tag' }
117 silly mapToRegistry uri https://registry.npmjs.org/moment
118 verbose addRemoteTarball https://registry.npmjs.org/moment/-/moment-2.10.6.tgz not in flight; adding
119 verbose addRemoteTarball [ 'https://registry.npmjs.org/moment/-/moment-2.10.6.tgz',
119 verbose addRemoteTarball   '6cb21967c79cba7b0ca5e66644f173662b3efa77' ]
120 info retry fetch attempt 1 at 09:45:26
121 info attempt registry request try #1 at 09:45:26
122 http fetch GET https://registry.npmjs.org/moment/-/moment-2.10.6.tgz
123 http fetch 200 https://registry.npmjs.org/moment/-/moment-2.10.6.tgz
124 silly fetchAndShaCheck shasum 6cb21967c79cba7b0ca5e66644f173662b3efa77
125 verbose addTmpTarball C:\Users\nadym\AppData\Local\Temp\npm-5076-7759ce27\registry.npmjs.org\moment\-\moment-2.10.6.tgz not in flight; adding
126 verbose addTmpTarball already have metadata; skipping unpack for moment@2.10.6
127 verbose correctMkdir C:\Users\nadym\AppData\Roaming\npm-cache correctMkdir not in flight; initializing
128 silly cache afterAdd moment@2.10.6
129 verbose afterAdd C:\Users\nadym\AppData\Roaming\npm-cache\moment\2.10.6\package\package.json not in flight; writing
130 verbose correctMkdir C:\Users\nadym\AppData\Roaming\npm-cache correctMkdir not in flight; initializing
131 verbose afterAdd C:\Users\nadym\AppData\Roaming\npm-cache\moment\2.10.6\package\package.json written
132 silly rollbackFailedOptional Starting
133 silly rollbackFailedOptional Finishing
134 silly runTopLevelLifecycles Finishing
135 silly install printInstalled
136 verbose stack Error: not found: git
136 verbose stack     at getNotFoundError (C:\Program Files\nodejs\node_modules\npm\node_modules\which\which.js:14:12)
136 verbose stack     at F (C:\Program Files\nodejs\node_modules\npm\node_modules\which\which.js:69:19)
136 verbose stack     at E (C:\Program Files\nodejs\node_modules\npm\node_modules\which\which.js:81:29)
136 verbose stack     at C:\Program Files\nodejs\node_modules\npm\node_modules\which\which.js:90:16
136 verbose stack     at C:\Program Files\nodejs\node_modules\npm\node_modules\which\node_modules\isexe\index.js:44:5
136 verbose stack     at C:\Program Files\nodejs\node_modules\npm\node_modules\which\node_modules\isexe\windows.js:29:5
136 verbose stack     at C:\Program Files\nodejs\node_modules\npm\node_modules\graceful-fs\polyfills.js:264:29
136 verbose stack     at FSReqWrap.oncomplete (fs.js:123:15)
137 verbose cwd D:\PraWeb\marketMiner
138 error Windows_NT 10.0.15063
139 error argv "C:\\Program Files\\nodejs\\node.exe" "C:\\Program Files\\nodejs\\node_modules\\npm\\bin\\npm-cli.js" "install" "material-datetime-picker"
140 error node v6.11.3
141 error npm  v3.10.10
142 error code ENOGIT
143 error not found: git
144 error Failed using git.
144 error This is most likely not a problem with npm itself.
144 error Please check if you have git installed and in your PATH.
145 verbose exit [ 1, true ]
